<?xml version="1.0" encoding="UTF-8" ?>
<testsuite tests="1" failures="0" name="com.shaoyx.maven.HelloTest" time="0.009" errors="0" skipped="0">
  <properties>
    <property name="idea.version" value="2021.1.3"/>
    <property name="java.runtime.name" value="Java(TM) SE Runtime Environment"/>
    <property name="sun.boot.library.path" value="D:\Program Files\Java\jdk1.8.0_351\jre\bin"/>
    <property name="java.vm.version" value="25.351-b10"/>
    <property name="java.vm.vendor" value="Oracle Corporation"/>
    <property name="maven.multiModuleProjectDirectory" value="D:\syx_temp\Maven_learning\pro02-maven-idea-parent"/>
    <property name="java.vendor.url" value="http://java.oracle.com/"/>
    <property name="path.separator" value=";"/>
    <property name="guice.disable.misplaced.annotation.check" value="true"/>
    <property name="java.vm.name" value="Java HotSpot(TM) 64-Bit Server VM"/>
    <property name="file.encoding.pkg" value="sun.io"/>
    <property name="user.script" value=""/>
    <property name="user.country" value="CN"/>
    <property name="sun.java.launcher" value="SUN_STANDARD"/>
    <property name="sun.os.patch.level" value=""/>
    <property name="java.vm.specification.name" value="Java Virtual Machine Specification"/>
    <property name="user.dir" value="D:\syx_temp\Maven_learning\pro02-maven-idea-parent"/>
    <property name="java.runtime.version" value="1.8.0_351-b10"/>
    <property name="java.awt.graphicsenv" value="sun.awt.Win32GraphicsEnvironment"/>
    <property name="java.endorsed.dirs" value="D:\Program Files\Java\jdk1.8.0_351\jre\lib\endorsed"/>
    <property name="os.arch" value="amd64"/>
    <property name="java.io.tmpdir" value="C:\Users\SYX\AppData\Local\Temp\"/>
    <property name="line.separator" value="
"/>
    <property name="java.vm.specification.vendor" value="Oracle Corporation"/>
    <property name="user.variant" value=""/>
    <property name="os.name" value="Windows 11"/>
    <property name="maven.ext.class.path" value="D:\Program Files\JetBrains\IntelliJ IDEA 2021.1.3\plugins\maven\lib\maven-event-listener.jar"/>
    <property name="classworlds.conf" value="D:\Program Files\apache-maven-3.3.9\bin\m2.conf"/>
    <property name="sun.jnu.encoding" value="GBK"/>
    <property name="java.library.path" value="D:\Program Files\Java\jdk1.8.0_351\bin;C:\Windows\Sun\Java\bin;C:\Windows\system32;C:\Windows;C:\Python311\Scripts\;C:\Python311\;C:\Program Files (x86)\Common Files\Oracle\Java\javapath;D:\Program Files (x86)\VMware\VMware Workstation\bin\;C:\Windows\system32;C:\Windows;C:\Windows\System32\Wbem;C:\Windows\System32\WindowsPowerShell\v1.0\;C:\Windows\System32\OpenSSH\;D:\Program Files\Git\cmd;D:\ProgramData\Miniconda3;D:\ProgramData\Miniconda3\Scripts\;D:\ProgramData\Miniconda3\Library\bin;D:\ProgramData\Miniconda3\Library\mingw-w64\bin;D:\Program Files (x86)\NetSarang\Xshell 7\;D:\Program Files (x86)\NetSarang\Xftp 7\;D:\Program Files (x86)\Tencent\微信web开发者工具\dll;D:\Program Files\mysql-8.0.30-winx64\bin;D:\Program Files\nodejs\node_modules\npm\bin;C:\Program Files (x86)\PuTTY\;D:\Program Files\Redis\;D:\Program Files\apache-maven-3.3.9\bin;C:\ProgramData\chocolatey\bin;D:\Program Files\Java\jdk1.8.0_351\bin;D:\nodejs\;D:\Program Files\apache-maven-3.8.5\bin;D:\Program Files\apache-tomcat-9.0.71\lib;D:\Program Files\apache-tomcat-9.0.71\bin;D:\Program Files\apache-tomcat-9.0.71\lib\servlet-api.jar;C:\Users\SYX\AppData\Local\Microsoft\WindowsApps;;D:\Program Files\JetBrains\PyCharm 2021.1.3\bin;;D:\Program Files\JetBrains\IntelliJ IDEA 2021.1.3\bin;;C:\Users\SYX\AppData\Roaming\npm;."/>
    <property name="java.specification.name" value="Java Platform API Specification"/>
    <property name="java.class.version" value="52.0"/>
    <property name="sun.management.compiler" value="HotSpot 64-Bit Tiered Compilers"/>
    <property name="maven.repo.local" value="D:\Program Files\apache-maven-3.3.9\maven-repository"/>
    <property name="os.version" value="10.0"/>
    <property name="user.home" value="C:\Users\SYX"/>
    <property name="user.timezone" value="Asia/Shanghai"/>
    <property name="java.awt.printerjob" value="sun.awt.windows.WPrinterJob"/>
    <property name="java.specification.version" value="1.8"/>
    <property name="file.encoding" value="UTF-8"/>
    <property name="user.name" value="SYX"/>
    <property name="java.class.path" value="D:\Program Files\apache-maven-3.3.9\boot\plexus-classworlds-2.5.2.jar;D:\Program Files\JetBrains\IntelliJ IDEA 2021.1.3\lib\idea_rt.jar"/>
    <property name="java.vm.specification.version" value="1.8"/>
    <property name="sun.arch.data.model" value="64"/>
    <property name="java.home" value="D:\Program Files\Java\jdk1.8.0_351\jre"/>
    <property name="sun.java.command" value="org.codehaus.classworlds.Launcher -Didea.version=2021.1.3 -s D:\Program Files\apache-maven-3.3.9\conf\settings.xml -Dmaven.repo.local=D:\Program Files\apache-maven-3.3.9\maven-repository install"/>
    <property name="java.specification.vendor" value="Oracle Corporation"/>
    <property name="user.language" value="zh"/>
    <property name="awt.toolkit" value="sun.awt.windows.WToolkit"/>
    <property name="java.vm.info" value="mixed mode"/>
    <property name="java.version" value="1.8.0_351"/>
    <property name="java.ext.dirs" value="D:\Program Files\Java\jdk1.8.0_351\jre\lib\ext;C:\Windows\Sun\Java\lib\ext"/>
    <property name="sun.boot.class.path" value="D:\Program Files\Java\jdk1.8.0_351\jre\lib\resources.jar;D:\Program Files\Java\jdk1.8.0_351\jre\lib\rt.jar;D:\Program Files\Java\jdk1.8.0_351\jre\lib\jsse.jar;D:\Program Files\Java\jdk1.8.0_351\jre\lib\jce.jar;D:\Program Files\Java\jdk1.8.0_351\jre\lib\charsets.jar;D:\Program Files\Java\jdk1.8.0_351\jre\lib\jfr.jar;D:\Program Files\Java\jdk1.8.0_351\jre\classes"/>
    <property name="java.vendor" value="Oracle Corporation"/>
    <property name="java.specification.maintenance.version" value="4"/>
    <property name="maven.home" value="D:\Program Files\apache-maven-3.3.9"/>
    <property name="file.separator" value="\"/>
    <property name="java.vendor.url.bug" value="http://bugreport.sun.com/bugreport/"/>
    <property name="sun.cpu.endian" value="little"/>
    <property name="sun.io.unicode.encoding" value="UnicodeLittle"/>
    <property name="sun.desktop" value="windows"/>
    <property name="sun.cpu.isalist" value="amd64"/>
  </properties>
  <testcase classname="com.shaoyx.maven.HelloTest" name="showMassage" time="0.009"/>
</testsuite>